Build started 12/2/2013 10:02:41 PM.
     1>Project "C:\Users\John\Documents\GitHub\CS6650FinalProject\Part1\PROJ_WIN\Project3\Project3.vcxproj" on node 2 (build target(s)).
     1>InitializeBuildStatus:
         Touching "Debug\Project3.unsuccessfulbuild".
       AddCudaCompileDeps:
       Skipping target "AddCudaCompileDeps" because all output files are up-to-date with respect to the input files.
       AddCudaCompilePropsDeps:
       Skipping target "AddCudaCompilePropsDeps" because all output files are up-to-date with respect to the input files.
       CudaBuild:
       Skipping target "CudaBuild" because all output files are up-to-date with respect to the input files.
       ClCompile:
         All outputs are up-to-date.
       Link:
         C:\Program Files (x86)\Microsoft Visual Studio 10.0\VC\bin\link.exe /ERRORREPORT:PROMPT /OUT:"C:\Users\John\Documents\GitHub\CS6650FinalProject\Part1\PROJ_WIN\Debug\Project3.exe" /INCREMENTAL:NO /NOLOGO /LIBPATH:../shared/glew/lib /LIBPATH:../shared/freeglut/lib /LIBPATH:"C:\Program Files\NVIDIA GPU Computing Toolkit\CUDA\v5.5\lib\Win32" cudart.lib glew32.lib glu32.lib opengl32.lib kernel32.lib user32.lib gdi32.lib winspool.lib comdlg32.lib advapi32.lib shell32.lib ole32.lib oleaut32.lib uuid.lib odbc32.lib odbccp32.lib kernel32.lib user32.lib gdi32.lib winspool.lib comdlg32.lib advapi32.lib shell32.lib ole32.lib oleaut32.lib uuid.lib odbc32.lib odbccp32.lib /MANIFEST /ManifestFile:"Debug\Project3.exe.intermediate.manifest" /MANIFESTUAC:"level='asInvoker' uiAccess='false'" /DEBUG /PDB:"C:\Users\John\Documents\GitHub\CS6650FinalProject\Part1\PROJ_WIN\Debug\Project3.pdb" /SUBSYSTEM:CONSOLE /TLBID:1 /ENTRY:"mainCRTStartup" /DYNAMICBASE /NXCOMPAT /IMPLIB:"C:\Users\John\Documents\GitHub\CS6650FinalProject\Part1\PROJ_WIN\Debug\Project3.lib" /MACHINE:X86 C:\Users\John\Documents\GitHub\CS6650FinalProject\Part1\PROJ_WIN\Project3\Win32/Debug/kernel.cu.obj
         Debug\glslUtility.obj
         Debug\main.obj
         Debug\model.obj
         Debug\objloader.obj
         Debug\utilities.obj
     1>glslUtility.obj : warning LNK4075: ignoring '/EDITANDCONTINUE' due to '/INCREMENTAL:NO' specification
     1>main.obj : error LNK2019: unresolved external symbol __imp__glewInit@0 referenced in function "void __cdecl init(int,char * * const)" (?init@@YAXHQAPAD@Z)
     1>C:\Users\John\Documents\GitHub\CS6650FinalProject\Part1\PROJ_WIN\Debug\Project3.exe : fatal error LNK1120: 1 unresolved externals
     1>Done Building Project "C:\Users\John\Documents\GitHub\CS6650FinalProject\Part1\PROJ_WIN\Project3\Project3.vcxproj" (build target(s)) -- FAILED.

Build FAILED.

Time Elapsed 00:00:00.13
